<?xml version="1.0" encoding="UTF-8"?>
<!-- Generated by org.testng.reporters.JUnitReportReporter -->
<testsuite hostname="DESKTOP-FKR8P39" failures="0" tests="1" name="practices.pom.repository.Autohealing" time="7.701" errors="0" timestamp="2025-02-25T17:56:18 IST" skipped="0">
  <testcase classname="practices.pom.repository.Autohealing" name="sampleTest" time="7.701"/>
</testsuite> <!-- practices.pom.repository.Autohealing -->
