<?xml version="1.0" encoding="UTF-8"?>
<!-- Generated by org.testng.reporters.JUnitReportReporter -->
<testsuite hostname="DESKTOP-FKR8P39" failures="0" tests="1" name="Practicedatdriventesting.ReadDataFromXmlTest" time="0.013" errors="0" timestamp="2025-02-17T15:22:56 IST" skipped="0">
  <testcase classname="Practicedatdriventesting.ReadDataFromXmlTest" name="sampleTest" time="0.013"/>
</testsuite> <!-- Practicedatdriventesting.ReadDataFromXmlTest -->
