<?xml version="1.0" encoding="UTF-8"?>
<!-- Generated by org.testng.reporters.JUnitReportReporter -->
<testsuite hostname="DESKTOP-FKR8P39" failures="0" tests="1" name="practiceContact.Screenshot" time="7.441" errors="0" timestamp="2025-03-05T15:09:50 IST" skipped="0">
  <testcase classname="practiceContact.Screenshot" name="AmazonTest" time="7.441"/>
</testsuite> <!-- practiceContact.Screenshot -->
