<?xml version="1.0" encoding="UTF-8"?>
<!-- Generated by org.testng.reporters.JUnitReportReporter -->
<testsuite hostname="DESKTOP-FKR8P39" failures="0" tests="1" name="practices.pom.repository.sampleTestWithPOM" time="8.273" errors="0" timestamp="2025-02-21T15:52:44 IST" skipped="0">
  <testcase classname="practices.pom.repository.sampleTestWithPOM" name="sampleTest" time="8.273"/>
</testsuite> <!-- practices.pom.repository.sampleTestWithPOM -->
