<?xml version="1.0" encoding="UTF-8"?>
<!-- Generated by org.testng.reporters.JUnitReportReporter -->
<testsuite hostname="DESKTOP-FKR8P39" failures="0" tests="3" name="practices.TestNGTest.DataProviderLNFMN" time="0.018" errors="0" timestamp="2025-03-03T17:45:50 IST" skipped="0">
  <testcase classname="practices.TestNGTest.DataProviderLNFMN" name="CreateContact" time="0.005"/>
  <testcase classname="practices.TestNGTest.DataProviderLNFMN" name="CreateContact" time="0.009"/>
  <testcase classname="practices.TestNGTest.DataProviderLNFMN" name="CreateContact" time="0.004"/>
</testsuite> <!-- practices.TestNGTest.DataProviderLNFMN -->
