<?xml version="1.0" encoding="UTF-8"?>
<!-- Generated by org.testng.reporters.JUnitReportReporter -->
<testsuite hostname="DESKTOP-FKR8P39" failures="0" tests="11" name="practices.TestNGTest.TestNGWithInvocationcount" time="0.059" errors="0" timestamp="2025-03-01T15:40:10 IST" skipped="1">
  <testcase classname="practices.TestNGTest.TestNGWithInvocationcount" name="createContactTest" time="0.006"/>
  <testcase classname="practices.TestNGTest.TestNGWithInvocationcount" name="createContactTest" time="0.005"/>
  <testcase classname="practices.TestNGTest.TestNGWithInvocationcount" name="createContactTest" time="0.010"/>
  <testcase classname="practices.TestNGTest.TestNGWithInvocationcount" name="createContactTest" time="0.004"/>
  <testcase classname="practices.TestNGTest.TestNGWithInvocationcount" name="createContactTest" time="0.011"/>
  <testcase classname="practices.TestNGTest.TestNGWithInvocationcount" name="createContactTest" time="0.005"/>
  <testcase classname="practices.TestNGTest.TestNGWithInvocationcount" name="createContactTest" time="0.003"/>
  <testcase classname="practices.TestNGTest.TestNGWithInvocationcount" name="createContactTest" time="0.002"/>
  <testcase classname="practices.TestNGTest.TestNGWithInvocationcount" name="createContactTest" time="0.010"/>
  <testcase classname="practices.TestNGTest.TestNGWithInvocationcount" name="createContactTest" time="0.003"/>
  <testcase classname="practices.TestNGTest.TestNGWithInvocationcount" name="modifyContactTest">
    <skipped/>
  </testcase> <!-- modifyContactTest -->
</testsuite> <!-- practices.TestNGTest.TestNGWithInvocationcount -->
