<?xml version="1.0" encoding="UTF-8"?>
<!-- Generated by org.testng.reporters.JUnitReportReporter -->
<testsuite hostname="DESKTOP-FKR8P39" failures="0" tests="1" name="Practicedatdriventesting.CreateOrgReadDataFromXmlTest" time="33.112" errors="0" timestamp="2025-02-17T16:14:55 IST" skipped="0">
  <testcase classname="Practicedatdriventesting.CreateOrgReadDataFromXmlTest" name="Createorgtest" time="33.112"/>
</testsuite> <!-- Practicedatdriventesting.CreateOrgReadDataFromXmlTest -->
