<?xml version="1.0" encoding="UTF-8"?>
<!-- Generated by org.testng.reporters.JUnitReportReporter -->
<testsuite hostname="DESKTOP-FKR8P39" failures="0" tests="3" name="practices.TestNGTest.TestNGWithPriority" time="0.021" errors="0" timestamp="2025-03-01T15:28:21 IST" skipped="0">
  <testcase classname="practices.TestNGTest.TestNGWithPriority" name="createContactTest" time="0.012"/>
  <testcase classname="practices.TestNGTest.TestNGWithPriority" name="DeleteContactTest" time="0.005"/>
  <testcase classname="practices.TestNGTest.TestNGWithPriority" name="modifyContactTest" time="0.004"/>
</testsuite> <!-- practices.TestNGTest.TestNGWithPriority -->
