<?xml version="1.0" encoding="UTF-8"?>
<!-- Generated by org.testng.reporters.JUnitReportReporter -->
<testsuite hostname="DESKTOP-FKR8P39" failures="0" tests="3" name="practices.TestNGTest.TestNGWithDependon" time="0.023" errors="0" timestamp="2025-03-01T15:32:23 IST" skipped="0">
  <testcase classname="practices.TestNGTest.TestNGWithDependon" name="DeleteContactTest" time="0.008"/>
  <testcase classname="practices.TestNGTest.TestNGWithDependon" name="createContactTest" time="0.012"/>
  <testcase classname="practices.TestNGTest.TestNGWithDependon" name="modifyContactTest" time="0.003"/>
</testsuite> <!-- practices.TestNGTest.TestNGWithDependon -->
