<?xml version="1.0" encoding="UTF-8"?>
<!-- Generated by org.testng.reporters.JUnitReportReporter -->
<testsuite hostname="DESKTOP-FKR8P39" failures="0" tests="1" name="endToEnd.scenerio_3" time="19.412" errors="0" timestamp="2025-05-16T15:31:15 IST" skipped="0">
  <testcase classname="endToEnd.scenerio_3" name="DBCreateProject" time="19.412"/>
  <system-out/>
</testsuite> <!-- endToEnd.scenerio_3 -->
