<?xml version="1.0" encoding="UTF-8"?>
<!-- Generated by org.testng.reporters.JUnitReportReporter -->
<testsuite hostname="DESKTOP-FKR8P39" failures="0" tests="1" name="apimiscellaneoustopics.addcookiesTest" time="2.748" errors="0" timestamp="2025-05-13T10:42:59 IST" skipped="0">
  <testcase classname="apimiscellaneoustopics.addcookiesTest" name="cookies" time="2.748"/>
  <system-out/>
</testsuite> <!-- apimiscellaneoustopics.addcookiesTest -->
