<?xml version="1.0" encoding="UTF-8"?>
<!-- Generated by org.testng.reporters.JUnitReportReporter -->
<testsuite hostname="DESKTOP-FKR8P39" failures="0" tests="1" name="endToEnd.scenerio_2" time="17.312" errors="0" timestamp="2025-05-16T13:10:12 IST" skipped="0">
  <testcase classname="endToEnd.scenerio_2" name="createRequestBE" time="17.312"/>
  <system-out/>
</testsuite> <!-- endToEnd.scenerio_2 -->
