<?xml version="1.0" encoding="UTF-8"?>
<!-- Generated by org.testng.reporters.JUnitReportReporter -->
<testsuite hostname="DESKTOP-90KBJMH" failures="0" tests="1" name="apimiscellaneoustopics.Datamasking" time="3.761" errors="0" timestamp="2025-08-01T11:20:56 EDT" skipped="0">
  <testcase classname="apimiscellaneoustopics.Datamasking" name="datamaskingTest" time="3.761"/>
  <system-out/>
</testsuite> <!-- apimiscellaneoustopics.Datamasking -->
