<?xml version="1.0" encoding="UTF-8"?>
<!-- Generated by org.testng.reporters.JUnitReportReporter -->
<testsuite hostname="DESKTOP-FKR8P39" failures="0" tests="1" name="endToEnd.scenerio_1" time="20.826" errors="0" timestamp="2025-05-16T17:17:05 IST" skipped="0">
  <testcase classname="endToEnd.scenerio_1" name="FECreateProject" time="20.826"/>
  <system-out/>
</testsuite> <!-- endToEnd.scenerio_1 -->
