<?xml version="1.0" encoding="UTF-8"?>
<!-- Generated by org.testng.reporters.JUnitReportReporter -->
<testsuite hostname="DESKTOP-FKR8P39" failures="0" tests="1" name="debitCardTest.Jsonschemevalidator" time="3.192" errors="0" timestamp="2025-05-12T11:38:35 IST" skipped="0">
  <testcase classname="debitCardTest.Jsonschemevalidator" name="addProject" time="3.192"/>
  <system-out/>
</testsuite> <!-- debitCardTest.Jsonschemevalidator -->
