<?xml version="1.0" encoding="UTF-8"?>
<!-- Generated by org.testng.reporters.JUnitReportReporter -->
<testsuite hostname="DESKTOP-FKR8P39" failures="0" tests="2" name="com.ninza.hrm.api.employeeTest.EmployeeTest" time="3.079" errors="0" timestamp="2025-05-08T17:39:59 IST" skipped="0">
  <testcase classname="com.ninza.hrm.api.employeeTest.EmployeeTest" name="addEmployeWithOutEmail" time="2.151"/>
  <system-out/>
  <testcase classname="com.ninza.hrm.api.employeeTest.EmployeeTest" name="addEmployeeTest" time="0.928"/>
  <system-out/>
</testsuite> <!-- com.ninza.hrm.api.employeeTest.EmployeeTest -->
