<?xml version="1.0" encoding="UTF-8"?>
<!-- Generated by org.testng.reporters.JUnitReportReporter -->
<testsuite hostname="DESKTOP-FKR8P39" failures="0" tests="2" name="automationexercise.AutomationExercise" time="6.158" errors="0" timestamp="2025-05-16T16:59:49 IST" skipped="0">
  <testcase classname="automationexercise.AutomationExercise" name="RegisterUserAccount" time="4.652"/>
  <system-out/>
  <testcase classname="automationexercise.AutomationExercise" name="DELETEMETHODToDeleteUserAccountGETuseraccountdetailbyemail" time="1.506"/>
  <system-out/>
</testsuite> <!-- automationexercise.AutomationExercise -->
