<?xml version="1.0" encoding="UTF-8"?>
<!-- Generated by org.testng.reporters.JUnitReportReporter -->
<testsuite hostname="DESKTOP-FKR8P39" failures="0" tests="1" name="apimiscellaneoustopics.Jsonschemevalidator" time="4.133" errors="0" timestamp="2025-05-13T10:41:43 IST" skipped="0">
  <testcase classname="apimiscellaneoustopics.Jsonschemevalidator" name="addProject" time="4.133"/>
  <system-out/>
</testsuite> <!-- apimiscellaneoustopics.Jsonschemevalidator -->
