<?xml version="1.0" encoding="UTF-8"?>
<!-- Generated by org.testng.reporters.JUnitReportReporter -->
<testsuite hostname="DESKTOP-FKR8P39" failures="0" tests="4" name="automationexercise.RestfullBooker" time="8.049" errors="0" timestamp="2025-05-17T11:31:44 IST" skipped="0">
  <testcase classname="automationexercise.RestfullBooker" name="getDataToServer" time="1.261"/>
  <system-out/>
  <testcase classname="automationexercise.RestfullBooker" name="fetchDataToServer" time="1.030"/>
  <system-out/>
  <testcase classname="automationexercise.RestfullBooker" name="patchDataToServer" time="1.021"/>
  <system-out/>
  <testcase classname="automationexercise.RestfullBooker" name="TokenTest" time="4.737"/>
  <system-out/>
</testsuite> <!-- automationexercise.RestfullBooker -->
