<?xml version="1.0" encoding="UTF-8"?>
<!-- Generated by org.testng.reporters.JUnitReportReporter -->
<testsuite hostname="DESKTOP-FKR8P39" failures="0" tests="1" name="com.GraphQlTEsting.graphQLTest" time="2.576" errors="0" timestamp="2025-05-13T10:37:31 IST" skipped="0">
  <testcase classname="com.GraphQlTEsting.graphQLTest" name="DemoTest" time="2.576"/>
  <system-out/>
</testsuite> <!-- com.GraphQlTEsting.graphQLTest -->
