<?xml version="1.0" encoding="UTF-8"?>
<!-- Generated by org.testng.reporters.JUnitReportReporter -->
<testsuite hostname="DESKTOP-FKR8P39" failures="0" tests="1" name="apimiscellaneoustopics.debitcard" time="2.669" errors="0" timestamp="2025-05-13T11:00:08 IST" skipped="0">
  <testcase classname="apimiscellaneoustopics.debitcard" name="DebitcardTest" time="2.669"/>
  <system-out/>
</testsuite> <!-- apimiscellaneoustopics.debitcard -->
