<?xml version="1.0" encoding="UTF-8"?>
<!-- Generated by org.testng.reporters.JUnitReportReporter -->
<testsuite hostname="DESKTOP-FKR8P39" failures="0" tests="1" name="com.ninza.hrm.api.projectTest.ProjectTest" time="4.673" errors="0" timestamp="2025-05-16T12:34:02 IST" skipped="0">
  <testcase classname="com.ninza.hrm.api.projectTest.ProjectTest" name="addSingleProjectWithCreatedTest" time="4.673"/>
  <system-out/>
</testsuite> <!-- com.ninza.hrm.api.projectTest.ProjectTest -->
